#
# A fatal error has been detected by the Java Runtime Environment:
#
#  EXCEPTION_ACCESS_VIOLATION (0xc0000005) at pc=0x000000005a90bd50, pid=564, tid=3984
#
# JRE version: Java(TM) SE Runtime Environment (9.0+11) (build 9.0.1+11)
# Java VM: Java HotSpot(TM) 64-Bit Server VM (9.0.1+11, mixed mode, tiered, compressed oops, g1 gc, windows-amd64)
# Problematic frame:
# V  [jvm.dll+0x32bd50]
#
# No core dump will be written. Minidumps are not enabled by default on client versions of Windows
#
# If you would like to submit a bug report, please visit:
#   http://bugreport.java.com/bugreport/crash.jsp
#

---------------  S U M M A R Y ------------

Command Line: -agentlib:jdwp=transport=dt_socket,address=127.0.0.1:56101,suspend=y,server=n -Dfile.encoding=UTF-8 zadDomAlgorytmika.zad3Tablice

Host: Intel(R) Core(TM) i5-5200U CPU @ 2.20GHz, 4 cores, 7G,  Windows 10 , 64 bit Build 16299 (10.0.16299.15)
Time: Thu Feb 01 18:01:00 2018 ?rodkowoeuropejski czas stand. elapsed time: 269 seconds (0d 0h 4m 29s)

---------------  T H R E A D  ---------------

Current thread (0x000001bf6b783800):  VMThread "VM Thread" [stack: 0x00000012e9c00000,0x00000012e9d00000] [id=3984]

Stack: [0x00000012e9c00000,0x00000012e9d00000],  sp=0x00000012e9cfe210,  free space=1016k
Native frames: (J=compiled Java code, j=interpreted, Vv=VM code, C=native code)
V  [jvm.dll+0x32bd50]
V  [jvm.dll+0x327708]
V  [jvm.dll+0x34200f]
V  [jvm.dll+0x34522d]
V  [jvm.dll+0x2968e0]
V  [jvm.dll+0x2969d9]
V  [jvm.dll+0x2f8671]
V  [jvm.dll+0x2f401a]
V  [jvm.dll+0x2f5f53]
V  [jvm.dll+0x2f654e]
V  [jvm.dll+0x2f3d05]
V  [jvm.dll+0x2f3173]
V  [jvm.dll+0x57845f]
V  [jvm.dll+0x57876c]
V  [jvm.dll+0x578613]
V  [jvm.dll+0x578e0c]
V  [jvm.dll+0x546f8a]
V  [jvm.dll+0x465261]
V  [jvm.dll+0x6a34eb]
V  [jvm.dll+0x6a1c85]
V  [jvm.dll+0x6a2461]
V  [jvm.dll+0x6a274c]
V  [jvm.dll+0x5864e0]
C  [msvcr120.dll+0x24f7f]
C  [msvcr120.dll+0x25126]
C  [KERNEL32.DLL+0x11fe4]
C  [ntdll.dll+0x6efb1]


siginfo: EXCEPTION_ACCESS_VIOLATION (0xc0000005), reading address 0xffffffffffffffff


Register to memory mapping:

RIP=0x000000005a90bd50 jvm.dll
RAX=0x0002000200690000 is an unknown value
RBX=0x000001bf6b783800 is an unknown value
RCX=0x00000001000016d0 is pointing into metadata
RDX=0x0002000200690000 is an unknown value
RSP=0x00000012e9cfe210 is an unknown value
RBP=0x0000000000000003 is an unknown value
RSI=0x00000012e9cfe2d0 is an unknown value
RDI=0x0000000000000000 is an unknown value
R8 =0x000001bf6b783800 is an unknown value
R9 =0x0002000200690000 is an unknown value
R10=0x000000000000006e is an unknown value
R11=0x000000000000006e is an unknown value
R12=0x00000012e9cfef01 is an unknown value
R13=0x0000000000000000 is an unknown value
R14=0x000000000000004c is an unknown value
R15=0x0000000000000001 is an unknown value


Registers:
RAX=0x0002000200690000, RBX=0x000001bf6b783800, RCX=0x00000001000016d0, RDX=0x0002000200690000
RSP=0x00000012e9cfe210, RBP=0x0000000000000003, RSI=0x00000012e9cfe2d0, RDI=0x0000000000000000
R8 =0x000001bf6b783800, R9 =0x0002000200690000, R10=0x000000000000006e, R11=0x000000000000006e
R12=0x00000012e9cfef01, R13=0x0000000000000000, R14=0x000000000000004c, R15=0x0000000000000001
RIP=0x000000005a90bd50, EFLAGS=0x0000000000010246

Top of Stack: (sp=0x00000012e9cfe210)
0x00000012e9cfe210:   00000001000016d0 0000000000000000
0x00000012e9cfe220:   0000000000000000 000001bf6b783800
0x00000012e9cfe230:   0000000000000000 000000005a907708
0x00000012e9cfe240:   00000001000016d0 000001bf6b783800
0x00000012e9cfe250:   00000012e9cfe2d0 000001bf6b783800
0x00000012e9cfe260:   00000012e9cfe340 000000005a92200f
0x00000012e9cfe270:   000001bf6b783800 0000000000000000
0x00000012e9cfe280:   0000000000000000 0000000000000000
0x00000012e9cfe290:   00000000000001b8 000001bf6ae3a3c0
0x00000012e9cfe2a0:   00000012e9cfe340 000000005a92522d
0x00000012e9cfe2b0:   0000000000000000 00000012e9cfe4a0
0x00000012e9cfe2c0:   000000000000004c 0000000000000000
0x00000012e9cfe2d0:   0000000000000000 0000000000000000
0x00000012e9cfe2e0:   000001bf6b783800 00000012e9cfe4a0
0x00000012e9cfe2f0:   0000000000000000 000000005a8768e0
0x00000012e9cfe300:   00000012e9cfe490 0000000000000001 

Instructions: (pc=0x000000005a90bd50)
0x000000005a90bd30:   8b d8 e8 c9 89 d8 ff 48 83 7b 08 00 4c 8b c8 74
0x000000005a90bd40:   04 33 ff eb 23 80 3d c9 ac 62 00 00 74 05 33 ff
0x000000005a90bd50:   89 78 0c 48 8d 4d fe 48 8d 78 10 48 85 c9 74 05
0x000000005a90bd60:   33 c0 f3 48 ab 49 8b f9 48 83 7b 08 00 48 8b 74 


VM_Operation (0x00000012ea6ff1f0): GetOrSetLocal, mode: safepoint, requested by thread 0x000001bf6baf1800


---------------  P R O C E S S  ---------------

Java Threads: ( => current thread )
  0x000001bf6bb07000 JavaThread "Service Thread" daemon [_thread_blocked, id=19056, stack(0x00000012ea900000,0x00000012eaa00000)]
  0x000001bf6baf3000 JavaThread "JDWP Command Reader" daemon [_thread_in_native, id=10208, stack(0x00000012ea800000,0x00000012ea900000)]
  0x000001bf6baf2800 JavaThread "JDWP Event Helper Thread" daemon [_thread_blocked, id=16740, stack(0x00000012ea700000,0x00000012ea800000)]
  0x000001bf6baf1800 JavaThread "JDWP Transport Listener: dt_socket" daemon [_thread_blocked, id=18560, stack(0x00000012ea600000,0x00000012ea700000)]
  0x000001bf6b87e000 JavaThread "Common-Cleaner" daemon [_thread_blocked, id=14640, stack(0x00000012ea500000,0x00000012ea600000)]
  0x000001bf6b865800 JavaThread "Sweeper thread" daemon [_thread_blocked, id=17936, stack(0x00000012ea400000,0x00000012ea500000)]
  0x000001bf6b860800 JavaThread "C1 CompilerThread2" daemon [_thread_blocked, id=4176, stack(0x00000012ea300000,0x00000012ea400000)]
  0x000001bf6b7ec000 JavaThread "C2 CompilerThread1" daemon [_thread_blocked, id=10484, stack(0x00000012ea200000,0x00000012ea300000)]
  0x000001bf6b794000 JavaThread "C2 CompilerThread0" daemon [_thread_blocked, id=4664, stack(0x00000012ea100000,0x00000012ea200000)]
  0x000001bf6b7e9800 JavaThread "Attach Listener" daemon [_thread_blocked, id=28220, stack(0x00000012ea000000,0x00000012ea100000)]
  0x000001bf6b7e8800 JavaThread "Signal Dispatcher" daemon [_thread_blocked, id=25804, stack(0x00000012e9f00000,0x00000012ea000000)]
  0x000001bf6b79c000 JavaThread "Finalizer" daemon [_thread_blocked, id=24188, stack(0x00000012e9e00000,0x00000012e9f00000)]
  0x000001bf6b798000 JavaThread "Reference Handler" daemon [_thread_blocked, id=14408, stack(0x00000012e9d00000,0x00000012e9e00000)]
  0x000001bf4840e800 JavaThread "main" [_thread_blocked, id=26688, stack(0x00000012e9000000,0x00000012e9100000)]

Other Threads:
=>0x000001bf6b783800 VMThread "VM Thread" [stack: 0x00000012e9c00000,0x00000012e9d00000] [id=3984]
  0x000001bf6bb1d800 WatcherThread [stack: 0x00000012eaa00000,0x00000012eab00000] [id=20104]
  0x000001bf48425800 GCTaskThread "GC Thread#0" [stack: 0x00000012e9100000,0x00000012e9200000] [id=11228]
  0x000001bf48427000 GCTaskThread "GC Thread#1" [stack: 0x00000012e9200000,0x00000012e9300000] [id=24876]
  0x000001bf48429800 GCTaskThread "GC Thread#2" [stack: 0x00000012e9300000,0x00000012e9400000] [id=17824]
  0x000001bf4842b000 GCTaskThread "GC Thread#3" [stack: 0x00000012e9400000,0x00000012e9500000] [id=16968]
  0x000001bf4849a800 ConcurrentGCThread "G1 Main Marker" [stack: 0x00000012e9a00000,0x00000012e9b00000] [id=29392]
  0x000001bf4849e000 ConcurrentGCThread "G1 Marker#0" [stack: 0x00000012e9b00000,0x00000012e9c00000] [id=28928]
  0x000001bf48432000 ConcurrentGCThread "G1 Refine#0" [stack: 0x00000012e9800000,0x00000012e9900000] [id=9636]
  0x000001bf48431000 ConcurrentGCThread "G1 Refine#1" [stack: 0x00000012e9700000,0x00000012e9800000] [id=17144]
  0x000001bf4842f800 ConcurrentGCThread "G1 Refine#2" [stack: 0x00000012e9600000,0x00000012e9700000] [id=3988]
  0x000001bf4842c000 ConcurrentGCThread "G1 Refine#3" [stack: 0x00000012e9500000,0x00000012e9600000] [id=23108]
  0x000001bf48434800 ConcurrentGCThread "G1 Young RemSet Sampling" [stack: 0x00000012e9900000,0x00000012e9a00000] [id=26816]

Threads with active compile tasks:

VM state:at safepoint (normal execution)

VM Mutex/Monitor currently owned by a thread:  ([mutex/lock_event])
[0x000001bf4840d010] Threads_lock - owner thread: 0x000001bf6b783800

Heap address: 0x0000000081400000, size: 2028 MB, Compressed Oops mode: 32-bit
Narrow klass base: 0x0000000000000000, Narrow klass shift: 3
Compressed class space size: 1073741824 Address: 0x0000000100000000

Heap:
 garbage-first heap   total 131072K, used 1024K [0x0000000081400000, 0x0000000081500400, 0x0000000100000000)
  region size 1024K, 2 young (2048K), 0 survivors (0K)
 Metaspace       used 4182K, capacity 4494K, committed 4864K, reserved 1056768K
  class space    used 370K, capacity 386K, committed 512K, reserved 1048576K
Heap Regions: E=young(eden), S=young(survivor), O=old, HS=humongous(starts), HC=humongous(continues), CS=collection set, F=free, A=archive, TS=gc time stamp, AC=allocation context, TAMS=top-at-mark-start (previous, next)
|   0|0x0000000081400000, 0x0000000081400000, 0x0000000081500000|  0%| F|  |TS  0|AC  0|TAMS 0x0000000081400000, 0x0000000081400000|
|   1|0x0000000081500000, 0x0000000081500000, 0x0000000081600000|  0%| F|  |TS  0|AC  0|TAMS 0x0000000081500000, 0x0000000081500000|
|   2|0x0000000081600000, 0x0000000081600000, 0x0000000081700000|  0%| F|  |TS  0|AC  0|TAMS 0x0000000081600000, 0x0000000081600000|
|   3|0x0000000081700000, 0x0000000081700000, 0x0000000081800000|  0%| F|  |TS  0|AC  0|TAMS 0x0000000081700000, 0x0000000081700000|
|   4|0x0000000081800000, 0x0000000081800000, 0x0000000081900000|  0%| F|  |TS  0|AC  0|TAMS 0x0000000081800000, 0x0000000081800000|
|   5|0x0000000081900000, 0x0000000081900000, 0x0000000081a00000|  0%| F|  |TS  0|AC  0|TAMS 0x0000000081900000, 0x0000000081900000|
|   6|0x0000000081a00000, 0x0000000081a00000, 0x0000000081b00000|  0%| F|  |TS  0|AC  0|TAMS 0x0000000081a00000, 0x0000000081a00000|
|   7|0x0000000081b00000, 0x0000000081b00000, 0x0000000081c00000|  0%| F|  |TS  0|AC  0|TAMS 0x0000000081b00000, 0x0000000081b00000|
|   8|0x0000000081c00000, 0x0000000081c00000, 0x0000000081d00000|  0%| F|  |TS  0|AC  0|TAMS 0x0000000081c00000, 0x0000000081c00000|
|   9|0x0000000081d00000, 0x0000000081d00000, 0x0000000081e00000|  0%| F|  |TS  0|AC  0|TAMS 0x0000000081d00000, 0x0000000081d00000|
|  10|0x0000000081e00000, 0x0000000081e00000, 0x0000000081f00000|  0%| F|  |TS  0|AC  0|TAMS 0x0000000081e00000, 0x0000000081e00000|
|  11|0x0000000081f00000, 0x0000000081f00000, 0x0000000082000000|  0%| F|  |TS  0|AC  0|TAMS 0x0000000081f00000, 0x0000000081f00000|
|  12|0x0000000082000000, 0x0000000082000000, 0x0000000082100000|  0%| F|  |TS  0|AC  0|TAMS 0x0000000082000000, 0x0000000082000000|
|  13|0x0000000082100000, 0x0000000082100000, 0x0000000082200000|  0%| F|  |TS  0|AC  0|TAMS 0x0000000082100000, 0x0000000082100000|
|  14|0x0000000082200000, 0x0000000082200000, 0x0000000082300000|  0%| F|  |TS  0|AC  0|TAMS 0x0000000082200000, 0x0000000082200000|
|  15|0x0000000082300000, 0x0000000082300000, 0x0000000082400000|  0%| F|  |TS  0|AC  0|TAMS 0x0000000082300000, 0x0000000082300000|
|  16|0x0000000082400000, 0x0000000082400000, 0x0000000082500000|  0%| F|  |TS  0|AC  0|TAMS 0x0000000082400000, 0x0000000082400000|
|  17|0x0000000082500000, 0x0000000082500000, 0x0000000082600000|  0%| F|  |TS  0|AC  0|TAMS 0x0000000082500000, 0x0000000082500000|
|  18|0x0000000082600000, 0x0000000082600000, 0x0000000082700000|  0%| F|  |TS  0|AC  0|TAMS 0x0000000082600000, 0x0000000082600000|
|  19|0x0000000082700000, 0x0000000082700000, 0x0000000082800000|  0%| F|  |TS  0|AC  0|TAMS 0x0000000082700000, 0x0000000082700000|
|  20|0x0000000082800000, 0x0000000082800000, 0x0000000082900000|  0%| F|  |TS  0|AC  0|TAMS 0x0000000082800000, 0x0000000082800000|
|  21|0x0000000082900000, 0x0000000082900000, 0x0000000082a00000|  0%| F|  |TS  0|AC  0|TAMS 0x0000000082900000, 0x0000000082900000|
|  22|0x0000000082a00000, 0x0000000082a00000, 0x0000000082b00000|  0%| F|  |TS  0|AC  0|TAMS 0x0000000082a00000, 0x0000000082a00000|
|  23|0x0000000082b00000, 0x0000000082b00000, 0x0000000082c00000|  0%| F|  |TS  0|AC  0|TAMS 0x0000000082b00000, 0x0000000082b00000|
|  24|0x0000000082c00000, 0x0000000082c00000, 0x0000000082d00000|  0%| F|  |TS  0|AC  0|TAMS 0x0000000082c00000, 0x0000000082c00000|
|  25|0x0000000082d00000, 0x0000000082d00000, 0x0000000082e00000|  0%| F|  |TS  0|AC  0|TAMS 0x0000000082d00000, 0x0000000082d00000|
|  26|0x0000000082e00000, 0x0000000082e00000, 0x0000000082f00000|  0%| F|  |TS  0|AC  0|TAMS 0x0000000082e00000, 0x0000000082e00000|
|  27|0x0000000082f00000, 0x0000000082f00000, 0x0000000083000000|  0%| F|  |TS  0|AC  0|TAMS 0x0000000082f00000, 0x0000000082f00000|
|  28|0x0000000083000000, 0x0000000083000000, 0x0000000083100000|  0%| F|  |TS  0|AC  0|TAMS 0x0000000083000000, 0x0000000083000000|
|  29|0x0000000083100000, 0x0000000083100000, 0x0000000083200000|  0%| F|  |TS  0|AC  0|TAMS 0x0000000083100000, 0x0000000083100000|
|  30|0x0000000083200000, 0x0000000083200000, 0x0000000083300000|  0%| F|  |TS  0|AC  0|TAMS 0x0000000083200000, 0x0000000083200000|
|  31|0x0000000083300000, 0x0000000083300000, 0x0000000083400000|  0%| F|  |TS  0|AC  0|TAMS 0x0000000083300000, 0x0000000083300000|
|  32|0x0000000083400000, 0x0000000083400000, 0x0000000083500000|  0%| F|  |TS  0|AC  0|TAMS 0x0000000083400000, 0x0000000083400000|
|  33|0x0000000083500000, 0x0000000083500000, 0x0000000083600000|  0%| F|  |TS  0|AC  0|TAMS 0x0000000083500000, 0x0000000083500000|
|  34|0x0000000083600000, 0x0000000083600000, 0x0000000083700000|  0%| F|  |TS  0|AC  0|TAMS 0x0000000083600000, 0x0000000083600000|
|  35|0x0000000083700000, 0x0000000083700000, 0x0000000083800000|  0%| F|  |TS  0|AC  0|TAMS 0x0000000083700000, 0x0000000083700000|
|  36|0x0000000083800000, 0x0000000083800000, 0x0000000083900000|  0%| F|  |TS  0|AC  0|TAMS 0x0000000083800000, 0x0000000083800000|
|  37|0x0000000083900000, 0x0000000083900000, 0x0000000083a00000|  0%| F|  |TS  0|AC  0|TAMS 0x0000000083900000, 0x0000000083900000|
|  38|0x0000000083a00000, 0x0000000083a00000, 0x0000000083b00000|  0%| F|  |TS  0|AC  0|TAMS 0x0000000083a00000, 0x0000000083a00000|
|  39|0x0000000083b00000, 0x0000000083b00000, 0x0000000083c00000|  0%| F|  |TS  0|AC  0|TAMS 0x0000000083b00000, 0x0000000083b00000|
|  40|0x0000000083c00000, 0x0000000083c00000, 0x0000000083d00000|  0%| F|  |TS  0|AC  0|TAMS 0x0000000083c00000, 0x0000000083c00000|
|  41|0x0000000083d00000, 0x0000000083d00000, 0x0000000083e00000|  0%| F|  |TS  0|AC  0|TAMS 0x0000000083d00000, 0x0000000083d00000|
|  42|0x0000000083e00000, 0x0000000083e00000, 0x0000000083f00000|  0%| F|  |TS  0|AC  0|TAMS 0x0000000083e00000, 0x0000000083e00000|
|  43|0x0000000083f00000, 0x0000000083f00000, 0x0000000084000000|  0%| F|  |TS  0|AC  0|TAMS 0x0000000083f00000, 0x0000000083f00000|
|  44|0x0000000084000000, 0x0000000084000000, 0x0000000084100000|  0%| F|  |TS  0|AC  0|TAMS 0x0000000084000000, 0x0000000084000000|
|  45|0x0000000084100000, 0x0000000084100000, 0x0000000084200000|  0%| F|  |TS  0|AC  0|TAMS 0x0000000084100000, 0x0000000084100000|
|  46|0x0000000084200000, 0x0000000084200000, 0x0000000084300000|  0%| F|  |TS  0|AC  0|TAMS 0x0000000084200000, 0x0000000084200000|
|  47|0x0000000084300000, 0x0000000084300000, 0x0000000084400000|  0%| F|  |TS  0|AC  0|TAMS 0x0000000084300000, 0x0000000084300000|
|  48|0x0000000084400000, 0x0000000084400000, 0x0000000084500000|  0%| F|  |TS  0|AC  0|TAMS 0x0000000084400000, 0x0000000084400000|
|  49|0x0000000084500000, 0x0000000084500000, 0x0000000084600000|  0%| F|  |TS  0|AC  0|TAMS 0x0000000084500000, 0x0000000084500000|
|  50|0x0000000084600000, 0x0000000084600000, 0x0000000084700000|  0%| F|  |TS  0|AC  0|TAMS 0x0000000084600000, 0x0000000084600000|
|  51|0x0000000084700000, 0x0000000084700000, 0x0000000084800000|  0%| F|  |TS  0|AC  0|TAMS 0x0000000084700000, 0x0000000084700000|
|  52|0x0000000084800000, 0x0000000084800000, 0x0000000084900000|  0%| F|  |TS  0|AC  0|TAMS 0x0000000084800000, 0x0000000084800000|
|  53|0x0000000084900000, 0x0000000084900000, 0x0000000084a00000|  0%| F|  |TS  0|AC  0|TAMS 0x0000000084900000, 0x0000000084900000|
|  54|0x0000000084a00000, 0x0000000084a00000, 0x0000000084b00000|  0%| F|  |TS  0|AC  0|TAMS 0x0000000084a00000, 0x0000000084a00000|
|  55|0x0000000084b00000, 0x0000000084b00000, 0x0000000084c00000|  0%| F|  |TS  0|AC  0|TAMS 0x0000000084b00000, 0x0000000084b00000|
|  56|0x0000000084c00000, 0x0000000084c00000, 0x0000000084d00000|  0%| F|  |TS  0|AC  0|TAMS 0x0000000084c00000, 0x0000000084c00000|
|  57|0x0000000084d00000, 0x0000000084d00000, 0x0000000084e00000|  0%| F|  |TS  0|AC  0|TAMS 0x0000000084d00000, 0x0000000084d00000|
|  58|0x0000000084e00000, 0x0000000084e00000, 0x0000000084f00000|  0%| F|  |TS  0|AC  0|TAMS 0x0000000084e00000, 0x0000000084e00000|
|  59|0x0000000084f00000, 0x0000000084f00000, 0x0000000085000000|  0%| F|  |TS  0|AC  0|TAMS 0x0000000084f00000, 0x0000000084f00000|
|  60|0x0000000085000000, 0x0000000085000000, 0x0000000085100000|  0%| F|  |TS  0|AC  0|TAMS 0x0000000085000000, 0x0000000085000000|
|  61|0x0000000085100000, 0x0000000085100000, 0x0000000085200000|  0%| F|  |TS  0|AC  0|TAMS 0x0000000085100000, 0x0000000085100000|
|  62|0x0000000085200000, 0x0000000085200000, 0x0000000085300000|  0%| F|  |TS  0|AC  0|TAMS 0x0000000085200000, 0x0000000085200000|
|  63|0x0000000085300000, 0x0000000085300000, 0x0000000085400000|  0%| F|  |TS  0|AC  0|TAMS 0x0000000085300000, 0x0000000085300000|
|  64|0x0000000085400000, 0x0000000085400000, 0x0000000085500000|  0%| F|  |TS  0|AC  0|TAMS 0x0000000085400000, 0x0000000085400000|
|  65|0x0000000085500000, 0x0000000085500000, 0x0000000085600000|  0%| F|  |TS  0|AC  0|TAMS 0x0000000085500000, 0x0000000085500000|
|  66|0x0000000085600000, 0x0000000085600000, 0x0000000085700000|  0%| F|  |TS  0|AC  0|TAMS 0x0000000085600000, 0x0000000085600000|
|  67|0x0000000085700000, 0x0000000085700000, 0x0000000085800000|  0%| F|  |TS  0|AC  0|TAMS 0x0000000085700000, 0x0000000085700000|
|  68|0x0000000085800000, 0x0000000085800000, 0x0000000085900000|  0%| F|  |TS  0|AC  0|TAMS 0x0000000085800000, 0x0000000085800000|
|  69|0x0000000085900000, 0x0000000085900000, 0x0000000085a00000|  0%| F|  |TS  0|AC  0|TAMS 0x0000000085900000, 0x0000000085900000|
|  70|0x0000000085a00000, 0x0000000085a00000, 0x0000000085b00000|  0%| F|  |TS  0|AC  0|TAMS 0x0000000085a00000, 0x0000000085a00000|
|  71|0x0000000085b00000, 0x0000000085b00000, 0x0000000085c00000|  0%| F|  |TS  0|AC  0|TAMS 0x0000000085b00000, 0x0000000085b00000|
|  72|0x0000000085c00000, 0x0000000085c00000, 0x0000000085d00000|  0%| F|  |TS  0|AC  0|TAMS 0x0000000085c00000, 0x0000000085c00000|
|  73|0x0000000085d00000, 0x0000000085d00000, 0x0000000085e00000|  0%| F|  |TS  0|AC  0|TAMS 0x0000000085d00000, 0x0000000085d00000|
|  74|0x0000000085e00000, 0x0000000085e00000, 0x0000000085f00000|  0%| F|  |TS  0|AC  0|TAMS 0x0000000085e00000, 0x0000000085e00000|
|  75|0x0000000085f00000, 0x0000000085f00000, 0x0000000086000000|  0%| F|  |TS  0|AC  0|TAMS 0x0000000085f00000, 0x0000000085f00000|
|  76|0x0000000086000000, 0x0000000086000000, 0x0000000086100000|  0%| F|  |TS  0|AC  0|TAMS 0x0000000086000000, 0x0000000086000000|
|  77|0x0000000086100000, 0x0000000086100000, 0x0000000086200000|  0%| F|  |TS  0|AC  0|TAMS 0x0000000086100000, 0x0000000086100000|
|  78|0x0000000086200000, 0x0000000086200000, 0x0000000086300000|  0%| F|  |TS  0|AC  0|TAMS 0x0000000086200000, 0x0000000086200000|
|  79|0x0000000086300000, 0x0000000086300000, 0x0000000086400000|  0%| F|  |TS  0|AC  0|TAMS 0x0000000086300000, 0x0000000086300000|
|  80|0x0000000086400000, 0x0000000086400000, 0x0000000086500000|  0%| F|  |TS  0|AC  0|TAMS 0x0000000086400000, 0x0000000086400000|
|  81|0x0000000086500000, 0x0000000086500000, 0x0000000086600000|  0%| F|  |TS  0|AC  0|TAMS 0x0000000086500000, 0x0000000086500000|
|  82|0x0000000086600000, 0x0000000086600000, 0x0000000086700000|  0%| F|  |TS  0|AC  0|TAMS 0x0000000086600000, 0x0000000086600000|
|  83|0x0000000086700000, 0x0000000086700000, 0x0000000086800000|  0%| F|  |TS  0|AC  0|TAMS 0x0000000086700000, 0x0000000086700000|
|  84|0x0000000086800000, 0x0000000086800000, 0x0000000086900000|  0%| F|  |TS  0|AC  0|TAMS 0x0000000086800000, 0x0000000086800000|
|  85|0x0000000086900000, 0x0000000086900000, 0x0000000086a00000|  0%| F|  |TS  0|AC  0|TAMS 0x0000000086900000, 0x0000000086900000|
|  86|0x0000000086a00000, 0x0000000086a00000, 0x0000000086b00000|  0%| F|  |TS  0|AC  0|TAMS 0x0000000086a00000, 0x0000000086a00000|
|  87|0x0000000086b00000, 0x0000000086b00000, 0x0000000086c00000|  0%| F|  |TS  0|AC  0|TAMS 0x0000000086b00000, 0x0000000086b00000|
|  88|0x0000000086c00000, 0x0000000086c00000, 0x0000000086d00000|  0%| F|  |TS  0|AC  0|TAMS 0x0000000086c00000, 0x0000000086c00000|
|  89|0x0000000086d00000, 0x0000000086d00000, 0x0000000086e00000|  0%| F|  |TS  0|AC  0|TAMS 0x0000000086d00000, 0x0000000086d00000|
|  90|0x0000000086e00000, 0x0000000086e00000, 0x0000000086f00000|  0%| F|  |TS  0|AC  0|TAMS 0x0000000086e00000, 0x0000000086e00000|
|  91|0x0000000086f00000, 0x0000000086f00000, 0x0000000087000000|  0%| F|  |TS  0|AC  0|TAMS 0x0000000086f00000, 0x0000000086f00000|
|  92|0x0000000087000000, 0x0000000087000000, 0x0000000087100000|  0%| F|  |TS  0|AC  0|TAMS 0x0000000087000000, 0x0000000087000000|
|  93|0x0000000087100000, 0x0000000087100000, 0x0000000087200000|  0%| F|  |TS  0|AC  0|TAMS 0x0000000087100000, 0x0000000087100000|
|  94|0x0000000087200000, 0x0000000087200000, 0x0000000087300000|  0%| F|  |TS  0|AC  0|TAMS 0x0000000087200000, 0x0000000087200000|
|  95|0x0000000087300000, 0x0000000087300000, 0x0000000087400000|  0%| F|  |TS  0|AC  0|TAMS 0x0000000087300000, 0x0000000087300000|
|  96|0x0000000087400000, 0x0000000087400000, 0x0000000087500000|  0%| F|  |TS  0|AC  0|TAMS 0x0000000087400000, 0x0000000087400000|
|  97|0x0000000087500000, 0x0000000087500000, 0x0000000087600000|  0%| F|  |TS  0|AC  0|TAMS 0x0000000087500000, 0x0000000087500000|
|  98|0x0000000087600000, 0x0000000087600000, 0x0000000087700000|  0%| F|  |TS  0|AC  0|TAMS 0x0000000087600000, 0x0000000087600000|
|  99|0x0000000087700000, 0x0000000087700000, 0x0000000087800000|  0%| F|  |TS  0|AC  0|TAMS 0x0000000087700000, 0x0000000087700000|
| 100|0x0000000087800000, 0x0000000087800000, 0x0000000087900000|  0%| F|  |TS  0|AC  0|TAMS 0x0000000087800000, 0x0000000087800000|
| 101|0x0000000087900000, 0x0000000087900000, 0x0000000087a00000|  0%| F|  |TS  0|AC  0|TAMS 0x0000000087900000, 0x0000000087900000|
| 102|0x0000000087a00000, 0x0000000087a00000, 0x0000000087b00000|  0%| F|  |TS  0|AC  0|TAMS 0x0000000087a00000, 0x0000000087a00000|
| 103|0x0000000087b00000, 0x0000000087b00000, 0x0000000087c00000|  0%| F|  |TS  0|AC  0|TAMS 0x0000000087b00000, 0x0000000087b00000|
| 104|0x0000000087c00000, 0x0000000087c00000, 0x0000000087d00000|  0%| F|  |TS  0|AC  0|TAMS 0x0000000087c00000, 0x0000000087c00000|
| 105|0x0000000087d00000, 0x0000000087d00000, 0x0000000087e00000|  0%| F|  |TS  0|AC  0|TAMS 0x0000000087d00000, 0x0000000087d00000|
| 106|0x0000000087e00000, 0x0000000087e00000, 0x0000000087f00000|  0%| F|  |TS  0|AC  0|TAMS 0x0000000087e00000, 0x0000000087e00000|
| 107|0x0000000087f00000, 0x0000000087f00000, 0x0000000088000000|  0%| F|  |TS  0|AC  0|TAMS 0x0000000087f00000, 0x0000000087f00000|
| 108|0x0000000088000000, 0x0000000088000000, 0x0000000088100000|  0%| F|  |TS  0|AC  0|TAMS 0x0000000088000000, 0x0000000088000000|
| 109|0x0000000088100000, 0x0000000088100000, 0x0000000088200000|  0%| F|  |TS  0|AC  0|TAMS 0x0000000088100000, 0x0000000088100000|
| 110|0x0000000088200000, 0x0000000088200000, 0x0000000088300000|  0%| F|  |TS  0|AC  0|TAMS 0x0000000088200000, 0x0000000088200000|
| 111|0x0000000088300000, 0x0000000088300000, 0x0000000088400000|  0%| F|  |TS  0|AC  0|TAMS 0x0000000088300000, 0x0000000088300000|
| 112|0x0000000088400000, 0x0000000088400000, 0x0000000088500000|  0%| F|  |TS  0|AC  0|TAMS 0x0000000088400000, 0x0000000088400000|
| 113|0x0000000088500000, 0x0000000088500000, 0x0000000088600000|  0%| F|  |TS  0|AC  0|TAMS 0x0000000088500000, 0x0000000088500000|
| 114|0x0000000088600000, 0x0000000088600000, 0x0000000088700000|  0%| F|  |TS  0|AC  0|TAMS 0x0000000088600000, 0x0000000088600000|
| 115|0x0000000088700000, 0x0000000088700000, 0x0000000088800000|  0%| F|  |TS  0|AC  0|TAMS 0x0000000088700000, 0x0000000088700000|
| 116|0x0000000088800000, 0x0000000088800000, 0x0000000088900000|  0%| F|  |TS  0|AC  0|TAMS 0x0000000088800000, 0x0000000088800000|
| 117|0x0000000088900000, 0x0000000088900000, 0x0000000088a00000|  0%| F|  |TS  0|AC  0|TAMS 0x0000000088900000, 0x0000000088900000|
| 118|0x0000000088a00000, 0x0000000088a00000, 0x0000000088b00000|  0%| F|  |TS  0|AC  0|TAMS 0x0000000088a00000, 0x0000000088a00000|
| 119|0x0000000088b00000, 0x0000000088b00000, 0x0000000088c00000|  0%| F|  |TS  0|AC  0|TAMS 0x0000000088b00000, 0x0000000088b00000|
| 120|0x0000000088c00000, 0x0000000088c00000, 0x0000000088d00000|  0%| F|  |TS  0|AC  0|TAMS 0x0000000088c00000, 0x0000000088c00000|
| 121|0x0000000088d00000, 0x0000000088d00000, 0x0000000088e00000|  0%| F|  |TS  0|AC  0|TAMS 0x0000000088d00000, 0x0000000088d00000|
| 122|0x0000000088e00000, 0x0000000088e00000, 0x0000000088f00000|  0%| F|  |TS  0|AC  0|TAMS 0x0000000088e00000, 0x0000000088e00000|
| 123|0x0000000088f00000, 0x0000000088f00000, 0x0000000089000000|  0%| F|  |TS  0|AC  0|TAMS 0x0000000088f00000, 0x0000000088f00000|
| 124|0x0000000089000000, 0x0000000089000000, 0x0000000089100000|  0%| F|  |TS  0|AC  0|TAMS 0x0000000089000000, 0x0000000089000000|
| 125|0x0000000089100000, 0x0000000089100000, 0x0000000089200000|  0%| F|  |TS  0|AC  0|TAMS 0x0000000089100000, 0x0000000089100000|
| 126|0x0000000089200000, 0x0000000089300000, 0x0000000089300000|100%| E|  |TS  0|AC  0|TAMS 0x0000000089200000, 0x0000000089200000|
| 127|0x0000000089300000, 0x0000000089400000, 0x0000000089400000|100%| E|CS|TS  0|AC  0|TAMS 0x0000000089300000, 0x0000000089300000|

Card table byte_map: [0x000001bf64180000,0x000001bf64580000] byte_map_base: 0x000001bf63d76000

Marking Bits (Prev, Next): (CMBitMap*) 0x000001bf48499f10, (CMBitMap*) 0x000001bf48499f48
 Prev Bits: [0x000001bf64980000, 0x000001bf66930000)
 Next Bits: [0x000001bf66930000, 0x000001bf688e0000)

Polling page: 0x000001bf46290000

CodeHeap 'non-profiled nmethods': size=120064Kb used=46Kb max_used=46Kb free=120017Kb
 bounds [0x000001bf5be00000, 0x000001bf5c070000, 0x000001bf63340000]
CodeHeap 'profiled nmethods': size=120000Kb used=210Kb max_used=210Kb free=119789Kb
 bounds [0x000001bf548d0000, 0x000001bf54b40000, 0x000001bf5be00000]
CodeHeap 'non-nmethods': size=5696Kb used=1146Kb max_used=1153Kb free=4550Kb
 bounds [0x000001bf54340000, 0x000001bf545b0000, 0x000001bf548d0000]
 total_blobs=480 nmethods=162 adapters=175
 compilation: enabled

Compilation events (10 events):
Event: 0.323 Thread 0x000001bf6b860800  158       3       java.lang.AbstractStringBuilder::append (77 bytes)
Event: 0.324 Thread 0x000001bf6b860800 nmethod 158 0x000001bf54902610 code [0x000001bf54902840, 0x000001bf54903030]
Event: 0.329 Thread 0x000001bf6b860800  159       3       java.lang.String::<init> (15 bytes)
Event: 0.329 Thread 0x000001bf6b860800 nmethod 159 0x000001bf54903290 code [0x000001bf54903440, 0x000001bf54903658]
Event: 0.331 Thread 0x000001bf6b860800  160       3       sun.nio.fs.WindowsPathParser::isSlash (18 bytes)
Event: 0.331 Thread 0x000001bf6b860800 nmethod 160 0x000001bf54903710 code [0x000001bf549038c0, 0x000001bf54903a98]
Event: 0.331 Thread 0x000001bf6b860800  161       3       java.lang.StringLatin1::newString (17 bytes)
Event: 0.331 Thread 0x000001bf6b860800 nmethod 161 0x000001bf54903b10 code [0x000001bf54903ce0, 0x000001bf54903ff0]
Event: 0.332 Thread 0x000001bf6b860800  162       3       sun.nio.fs.WindowsPathParser::isInvalidPathChar (22 bytes)
Event: 0.332 Thread 0x000001bf6b860800 nmethod 162 0x000001bf54904110 code [0x000001bf549042e0, 0x000001bf54904790]

GC Heap History (0 events):
No events

Deoptimization events (0 events):
No events

Classes redefined (3 events):
Event: 33.167 Thread 0x000001bf6b783800 redefined class name=zadDomAlgorytmika.zad3Tablice, count=1
Event: 230.231 Thread 0x000001bf6b783800 redefined class name=zadDomAlgorytmika.zad3Tablice, count=2
Event: 269.714 Thread 0x000001bf6b783800 redefined class name=zadDomAlgorytmika.zad3Tablice, count=3

Internal exceptions (0 events):
No events

Events (10 events):
Event: 269.715 Executing VM operation: GetFrameCount done
Event: 269.715 Executing VM operation: GetFrameCount
Event: 269.715 Executing VM operation: GetFrameCount done
Event: 269.715 Executing VM operation: GetFrameLocation
Event: 269.715 Executing VM operation: GetFrameLocation done
Event: 269.726 Executing VM operation: ChangeBreakpoints
Event: 269.726 Executing VM operation: ChangeBreakpoints done
Event: 269.727 Executing VM operation: ChangeBreakpoints
Event: 269.727 Executing VM operation: ChangeBreakpoints done
Event: 269.795 Executing VM operation: GetOrSetLocal


Dynamic libraries:
0x00007ff7111d0000 - 0x00007ff71120e000 	C:\Program Files\Java\jdk-9.0.1\bin\java.exe
0x00007ffee7840000 - 0x00007ffee7a20000 	C:\WINDOWS\SYSTEM32\ntdll.dll
0x00007ffee7760000 - 0x00007ffee780e000 	C:\WINDOWS\System32\KERNEL32.DLL
0x00007ffee4630000 - 0x00007ffee4896000 	C:\WINDOWS\System32\KERNELBASE.dll
0x00007ffee6960000 - 0x00007ffee6a01000 	C:\WINDOWS\System32\ADVAPI32.dll
0x00007ffee73b0000 - 0x00007ffee744d000 	C:\WINDOWS\System32\msvcrt.dll
0x00007ffee6a70000 - 0x00007ffee6acb000 	C:\WINDOWS\System32\sechost.dll
0x00007ffee4fe0000 - 0x00007ffee50ff000 	C:\WINDOWS\System32\RPCRT4.dll
0x00007ffee67d0000 - 0x00007ffee695f000 	C:\WINDOWS\System32\USER32.dll
0x00007ffee3c90000 - 0x00007ffee3cb0000 	C:\WINDOWS\System32\win32u.dll
0x00007ffee4fb0000 - 0x00007ffee4fd8000 	C:\WINDOWS\System32\GDI32.dll
0x00007ffee4b70000 - 0x00007ffee4d03000 	C:\WINDOWS\System32\gdi32full.dll
0x00007ffee4950000 - 0x00007ffee49eb000 	C:\WINDOWS\System32\msvcp_win.dll
0x00007ffee4a70000 - 0x00007ffee4b66000 	C:\WINDOWS\System32\ucrtbase.dll
0x00007ffed8110000 - 0x00007ffed8379000 	C:\WINDOWS\WinSxS\amd64_microsoft.windows.common-controls_6595b64144ccf1df_6.0.16299.192_none_15c8cdae9364c23b\COMCTL32.dll
0x00007ffee6c40000 - 0x00007ffee6f48000 	C:\WINDOWS\System32\combase.dll
0x00007ffed7de0000 - 0x00007ffed7dea000 	C:\WINDOWS\SYSTEM32\VERSION.dll
0x00007ffee49f0000 - 0x00007ffee4a62000 	C:\WINDOWS\System32\bcryptPrimitives.dll
0x00007ffee74b0000 - 0x00007ffee74dd000 	C:\WINDOWS\System32\IMM32.DLL
0x00007ffec84c0000 - 0x00007ffec85af000 	C:\Program Files\Java\jdk-9.0.1\bin\msvcr120.dll
0x00007ffecd810000 - 0x00007ffecd8b6000 	C:\Program Files\Java\jdk-9.0.1\bin\msvcp120.dll
0x000000005a5e0000 - 0x000000005b004000 	C:\Program Files\Java\jdk-9.0.1\bin\server\jvm.dll
0x00007ffee6f50000 - 0x00007ffee6f58000 	C:\WINDOWS\System32\PSAPI.DLL
0x00007ffee28c0000 - 0x00007ffee28c9000 	C:\WINDOWS\SYSTEM32\WSOCK32.dll
0x00007ffedc7b0000 - 0x00007ffedc7d3000 	C:\WINDOWS\SYSTEM32\WINMM.dll
0x00007ffee6540000 - 0x00007ffee65ac000 	C:\WINDOWS\System32\WS2_32.dll
0x00007ffedc750000 - 0x00007ffedc77a000 	C:\WINDOWS\SYSTEM32\WINMMBASE.dll
0x00007ffee3c40000 - 0x00007ffee3c8a000 	C:\WINDOWS\System32\cfgmgr32.dll
0x00007ffedf9c0000 - 0x00007ffedf9cf000 	C:\Program Files\Java\jdk-9.0.1\bin\verify.dll
0x00007ffed1c70000 - 0x00007ffed1c97000 	C:\Program Files\Java\jdk-9.0.1\bin\java.dll
0x00007ffed7190000 - 0x00007ffed71c6000 	C:\Program Files\Java\jdk-9.0.1\bin\jdwp.dll
0x00007ffede560000 - 0x00007ffede576000 	C:\Program Files\Java\jdk-9.0.1\bin\zip.dll
0x00007ffedf9a0000 - 0x00007ffedf9aa000 	C:\Program Files\Java\jdk-9.0.1\bin\jimage.dll
0x00007ffee5100000 - 0x00007ffee6536000 	C:\WINDOWS\System32\SHELL32.dll
0x00007ffee7560000 - 0x00007ffee7606000 	C:\WINDOWS\System32\shcore.dll
0x00007ffee3d10000 - 0x00007ffee4457000 	C:\WINDOWS\System32\windows.storage.dll
0x00007ffee65b0000 - 0x00007ffee6601000 	C:\WINDOWS\System32\shlwapi.dll
0x00007ffee3bb0000 - 0x00007ffee3bc1000 	C:\WINDOWS\System32\kernel.appcore.dll
0x00007ffee3bf0000 - 0x00007ffee3c3c000 	C:\WINDOWS\System32\powrprof.dll
0x00007ffee3b90000 - 0x00007ffee3bab000 	C:\WINDOWS\System32\profapi.dll
0x00007ffedb940000 - 0x00007ffedb95a000 	C:\Program Files\Java\jdk-9.0.1\bin\net.dll
0x00007ffedec20000 - 0x00007ffedecfe000 	C:\WINDOWS\SYSTEM32\WINHTTP.dll
0x00007ffee33c0000 - 0x00007ffee3426000 	C:\WINDOWS\system32\mswsock.dll
0x00007ffedb8f0000 - 0x00007ffedb901000 	C:\Program Files\Java\jdk-9.0.1\bin\nio.dll
0x00007ffedfab0000 - 0x00007ffedfaba000 	C:\Program Files\Java\jdk-9.0.1\bin\dt_socket.dll
0x00007ffede5c0000 - 0x00007ffede788000 	C:\WINDOWS\SYSTEM32\dbghelp.dll

VM Arguments:
jvm_args: -agentlib:jdwp=transport=dt_socket,address=127.0.0.1:56101,suspend=y,server=n -Dfile.encoding=UTF-8 
java_command: zadDomAlgorytmika.zad3Tablice
java_class_path (initial): C:\Users\Admin\Desktop\SDA\algorytmy\out\production\algorytmy;C:\Program Files\JetBrains\IntelliJ IDEA 2017.2.6\lib\idea_rt.jar
Launcher Type: SUN_STANDARD

Logging:
Log output configuration:
#0: stdout all=warning uptime,level,tags
#1: stderr all=off uptime,level,tags

Environment Variables:
PATH=C:\ProgramData\Oracle\Java\javapath;C:\Program Files (x86)\Intel\iCLS Client\;C:\Program Files\Intel\iCLS Client\;C:\WINDOWS\system32;C:\WINDOWS;C:\WINDOWS\System32\Wbem;C:\WINDOWS\System32\WindowsPowerShell\v1.0\;C:\Program Files\Hewlett-Packard\SimplePass\;c:\Program Files\Intel\WiFi\bin\;c:\Program Files\Common Files\Intel\WirelessCommon\;C:\Program Files\Intel\Intel(R) Management Engine Components\DAL;C:\Program Files (x86)\Intel\Intel(R) Management Engine Components\DAL;C:\Program Files\Intel\Intel(R) Management Engine Components\IPT;C:\Program Files (x86)\Intel\Intel(R) Management Engine Components\IPT;C:\Program Files (x86)\Skype\Phone\;C:\Program Files\Git\cmd;C:\Users\Admin\AppData\Local\Microsoft\WindowsApps;
USERNAME=Admin
OS=Windows_NT
PROCESSOR_IDENTIFIER=Intel64 Family 6 Model 61 Stepping 4, GenuineIntel



---------------  S Y S T E M  ---------------

OS: Windows 10 , 64 bit Build 16299 (10.0.16299.15)

CPU:total 4 (initial active 4) (2 cores per cpu, 2 threads per core) family 6 model 61 stepping 4, cmov, cx8, fxsr, mmx, sse, sse2, sse3, ssse3, sse4.1, sse4.2, popcnt, avx, avx2, aes, clmul, erms, 3dnowpref, lzcnt, ht, tsc, tscinvbit, bmi1, bmi2, adx, fma

Memory: 4k page, physical 8303632k(3594384k free), swap 15381520k(5016860k free)

vm_info: Java HotSpot(TM) 64-Bit Server VM (9.0.1+11) for windows-amd64 JRE (9.0.1+11), built on Sep 28 2017 04:54:03 by "mach5one" with MS VC++ 12.0 (VS2013)

END.
